<?xml version="1.0" encoding="UTF-8"?>
<Site BuildName="Win32-make"
	BuildStamp="20241228-1653-Experimental"
	Name="DESKTOP-MQK8AFJ"
	Generator="ctest-3.31.2"
	CompilerName="C:/msys64/ucrt64/bin/g++.exe"
	CompilerVersion="14.2.0"
	OSName="Windows"
	Hostname="DESKTOP-MQK8AFJ"
	OSRelease=" Personal"
	OSVersion=" (Build 26100)"
	OSPlatform="AMD64"
	Is64Bits="1"
	VendorString="GenuineIntel"
	VendorID="Intel Corporation"
	FamilyID="6"
	ModelID="10"
	ModelName=""
	ProcessorCacheSize="-1"
	NumberOfLogicalCPU="22"
	NumberOfPhysicalCPU="16"
	TotalVirtualMemory="34221"
	TotalPhysicalMemory="32173"
	LogicalProcessorsPerPhysical="1"
	ProcessorClockFrequency="3072"
	>
	<Testing>
		<StartDateTime>Dec 28 12:34 Pacific Standard Time</StartDateTime>
		<StartTestTime>1735418082</StartTestTime>
		<TestList/>
		<EndDateTime>Dec 28 12:34 Pacific Standard Time</EndDateTime>
		<EndTestTime>1735418082</EndTestTime>
		<ElapsedMinutes>0</ElapsedMinutes>
	</Testing>
</Site>
